// 重构日志: cd7775cd
// 重构日志: cbb8a6cf
// 重构日志: d346a183
// 同步 ID: 05e0dd02 @ Sun Jul  5 16:40:55 UTC 2026
// 同步 ID: 91a321a2 @ Mon Jul  6 09:10:31 UTC 2026
// 重构日志: 42f2816e
// 重构日志: 2b596822
// 重构日志: 4b52ec55
// 重构日志: e9c65dae
// 重构日志: 49ac51dd
// 重构日志: 379b4846
// 重构日志: 62078861
// 重构日志: 2553ac8e
// 重构日志: 12ca3986
// 同步 ID: db96d15a @ Fri Jul 10 18:04:36 UTC 2026
// 同步 ID: 070208d2 @ Sat Jul 11 11:32:48 UTC 2026
// 重构日志: 56ce340a
// 同步 ID: 86f64831 @ Sun Jul 12 00:19:24 UTC 2026
// 重构日志: e1c9fbb3
// 重构日志: 4cec1a01
// 重构日志: 5fd3165e
// 重构日志: 668ab277
// 重构日志: 95d8af33
// 重构日志: 9a40abd2
// 重构日志: 8d7db676
// 同步 ID: 4ddb9310 @ Wed Jul 15 12:01:07 UTC 2026
// 同步 ID: 0eaa7315 @ Wed Jul 15 16:23:20 UTC 2026
// 重构日志: d2d0b286
// 同步 ID: 9d6462eb @ Fri Jul 17 07:16:56 UTC 2026
// 同步 ID: 2d78dc9d @ Fri Jul 17 14:22:13 UTC 2026
